#
# There is insufficient memory for the Java Runtime Environment to continue.
# Native memory allocation (mmap) failed to map 87031808 bytes for committing reserved memory.
# Possible reasons:
#   The system is out of physical RAM or swap space
#   In 32 bit mode, the process size limit was hit
# Possible solutions:
#   Reduce memory load on the system
#   Increase physical memory or swap space
#   Check if swap backing store is full
#   Use 64 bit Java on a 64 bit OS
#   Decrease Java heap size (-Xmx/-Xms)
#   Decrease number of Java threads
#   Decrease Java thread stack sizes (-Xss)
#   Set larger code cache with -XX:ReservedCodeCacheSize=
# This output file may be truncated or incomplete.
#
#  Out of Memory Error (os_linux.cpp:2627), pid=5421, tid=0x00007fe98a0d6700
#
# JRE version:  (8.0_92-b14) (build )
# Java VM: OpenJDK 64-Bit Server VM (25.92-b14 mixed mode linux-amd64 compressed oops)
# Core dump written. Default location: /home/jing/workspace/roms/core or core.5421
#

---------------  T H R E A D  ---------------

Current thread (0x00007fe984008000):  JavaThread "Unknown thread" [_thread_in_vm, id=5433, stack(0x00007fe989fd6000,0x00007fe98a0d7000)]

Stack: [0x00007fe989fd6000,0x00007fe98a0d7000],  sp=0x00007fe98a0d5650,  free space=1021k
Native frames: (J=compiled Java code, j=interpreted, Vv=VM code, C=native code)
V  [libjvm.so+0xa596cb]
V  [libjvm.so+0x4c344c]
V  [libjvm.so+0x8aa3f0]
V  [libjvm.so+0x8a491e]
V  [libjvm.so+0x91e90b]
V  [libjvm.so+0x90f413]
V  [libjvm.so+0x2ae931]
V  [libjvm.so+0x8cf3e9]
V  [libjvm.so+0xa1d199]
V  [libjvm.so+0xa1d3e2]
V  [libjvm.so+0x60cc5f]
V  [libjvm.so+0xa02b2a]
V  [libjvm.so+0x681e1f]  JNI_CreateJavaVM+0x5f
C  [libjli.so+0x2d1f]
C  [libpthread.so.0+0x7454]  start_thread+0xc4


---------------  P R O C E S S  ---------------

Java Threads: ( => current thread )

Other Threads:

=>0x00007fe984008000 (exited) JavaThread "Unknown thread" [_thread_in_vm, id=5433, stack(0x00007fe989fd6000,0x00007fe98a0d7000)]

VM state:not at safepoint (not fully initialized)

VM Mutex/Monitor currently owned by a thread: None

GC Heap History (0 events):
No events

Deoptimization events (0 events):
No events

Internal exceptions (0 events):
No events

Events (0 events):
No events


Dynamic libraries:
00400000-00401000 r-xp 00000000 08:02 24251085                           /usr/lib/jvm/java-8-openjdk/jre/bin/java
00600000-00601000 rw-p 00000000 08:02 24251085                           /usr/lib/jvm/java-8-openjdk/jre/bin/java
00a9e000-00abf000 rw-p 00000000 00:00 0                                  [heap]
8a100000-d6f80000 ---p 00000000 00:00 0 
d6f80000-d9880000 rw-p 00000000 00:00 0 
d9880000-100000000 ---p 00000000 00:00 0 
7fe973e08000-7fe974098000 ---p 00000000 00:00 0 
7fe974098000-7fe9740ae000 rw-p 00000000 00:00 0 
7fe9740ae000-7fe9741e1000 ---p 00000000 00:00 0 
7fe9741e1000-7fe9741ec000 rw-p 00000000 00:00 0 
7fe9741ec000-7fe9745a2000 ---p 00000000 00:00 0 
7fe9745a2000-7fe974812000 rwxp 00000000 00:00 0 
7fe974812000-7fe9835a2000 ---p 00000000 00:00 0 
7fe9835a2000-7fe9835aa000 r-xp 00000000 08:02 24252188                   /usr/lib/jvm/java-8-openjdk/jre/lib/amd64/libzip.so
7fe9835aa000-7fe9837a9000 ---p 00008000 08:02 24252188                   /usr/lib/jvm/java-8-openjdk/jre/lib/amd64/libzip.so
7fe9837a9000-7fe9837aa000 rw-p 00007000 08:02 24252188                   /usr/lib/jvm/java-8-openjdk/jre/lib/amd64/libzip.so
7fe9837aa000-7fe9837b4000 r-xp 00000000 08:02 23741332                   /usr/lib/libnss_files-2.24.so
7fe9837b4000-7fe9839b4000 ---p 0000a000 08:02 23741332                   /usr/lib/libnss_files-2.24.so
7fe9839b4000-7fe9839b5000 r--p 0000a000 08:02 23741332                   /usr/lib/libnss_files-2.24.so
7fe9839b5000-7fe9839b6000 rw-p 0000b000 08:02 23741332                   /usr/lib/libnss_files-2.24.so
7fe9839b6000-7fe9839bc000 rw-p 00000000 00:00 0 
7fe9839bc000-7fe9839e8000 r-xp 00000000 08:02 24252197                   /usr/lib/jvm/java-8-openjdk/jre/lib/amd64/libjava.so
7fe9839e8000-7fe983be8000 ---p 0002c000 08:02 24252197                   /usr/lib/jvm/java-8-openjdk/jre/lib/amd64/libjava.so
7fe983be8000-7fe983bea000 rw-p 0002c000 08:02 24252197                   /usr/lib/jvm/java-8-openjdk/jre/lib/amd64/libjava.so
7fe983bea000-7fe983bf7000 r-xp 00000000 08:02 24252200                   /usr/lib/jvm/java-8-openjdk/jre/lib/amd64/libverify.so
7fe983bf7000-7fe983df6000 ---p 0000d000 08:02 24252200                   /usr/lib/jvm/java-8-openjdk/jre/lib/amd64/libverify.so
7fe983df6000-7fe983df8000 rw-p 0000c000 08:02 24252200                   /usr/lib/jvm/java-8-openjdk/jre/lib/amd64/libverify.so
7fe983df8000-7fe983dff000 r-xp 00000000 08:02 23742013                   /usr/lib/librt-2.24.so
7fe983dff000-7fe983ffe000 ---p 00007000 08:02 23742013                   /usr/lib/librt-2.24.so
7fe983ffe000-7fe983fff000 r--p 00006000 08:02 23742013                   /usr/lib/librt-2.24.so
7fe983fff000-7fe984000000 rw-p 00007000 08:02 23742013                   /usr/lib/librt-2.24.so
7fe984000000-7fe984032000 rw-p 00000000 00:00 0 
7fe984032000-7fe988000000 ---p 00000000 00:00 0 
7fe9880ce000-7fe9881d1000 r-xp 00000000 08:02 23742010                   /usr/lib/libm-2.24.so
7fe9881d1000-7fe9883d0000 ---p 00103000 08:02 23742010                   /usr/lib/libm-2.24.so
7fe9883d0000-7fe9883d1000 r--p 00102000 08:02 23742010                   /usr/lib/libm-2.24.so
7fe9883d1000-7fe9883d2000 rw-p 00103000 08:02 23742010                   /usr/lib/libm-2.24.so
7fe9883d2000-7fe989027000 r-xp 00000000 08:02 24252203                   /usr/lib/jvm/java-8-openjdk/jre/lib/amd64/server/libjvm.so
7fe989027000-7fe989227000 ---p 00c55000 08:02 24252203                   /usr/lib/jvm/java-8-openjdk/jre/lib/amd64/server/libjvm.so
7fe989227000-7fe9892e3000 rw-p 00c55000 08:02 24252203                   /usr/lib/jvm/java-8-openjdk/jre/lib/amd64/server/libjvm.so
7fe9892e3000-7fe989313000 rw-p 00000000 00:00 0 
7fe989313000-7fe9894a8000 r-xp 00000000 08:02 23734909                   /usr/lib/libc-2.24.so
7fe9894a8000-7fe9896a7000 ---p 00195000 08:02 23734909                   /usr/lib/libc-2.24.so
7fe9896a7000-7fe9896ab000 r--p 00194000 08:02 23734909                   /usr/lib/libc-2.24.so
7fe9896ab000-7fe9896ad000 rw-p 00198000 08:02 23734909                   /usr/lib/libc-2.24.so
7fe9896ad000-7fe9896b1000 rw-p 00000000 00:00 0 
7fe9896b1000-7fe9896b3000 r-xp 00000000 08:02 23741392                   /usr/lib/libdl-2.24.so
7fe9896b3000-7fe9898b3000 ---p 00002000 08:02 23741392                   /usr/lib/libdl-2.24.so
7fe9898b3000-7fe9898b4000 r--p 00002000 08:02 23741392                   /usr/lib/libdl-2.24.so
7fe9898b4000-7fe9898b5000 rw-p 00003000 08:02 23741392                   /usr/lib/libdl-2.24.so
7fe9898b5000-7fe9898c2000 r-xp 00000000 08:02 24252207                   /usr/lib/jvm/java-8-openjdk/jre/lib/amd64/jli/libjli.so
7fe9898c2000-7fe989ac1000 ---p 0000d000 08:02 24252207                   /usr/lib/jvm/java-8-openjdk/jre/lib/amd64/jli/libjli.so
7fe989ac1000-7fe989ac2000 rw-p 0000c000 08:02 24252207                   /usr/lib/jvm/java-8-openjdk/jre/lib/amd64/jli/libjli.so
7fe989ac2000-7fe989ad7000 r-xp 00000000 08:02 23747078                   /usr/lib/libz.so.1.2.8
7fe989ad7000-7fe989cd6000 ---p 00015000 08:02 23747078                   /usr/lib/libz.so.1.2.8
7fe989cd6000-7fe989cd7000 r--p 00014000 08:02 23747078                   /usr/lib/libz.so.1.2.8
7fe989cd7000-7fe989cd8000 rw-p 00015000 08:02 23747078                   /usr/lib/libz.so.1.2.8
7fe989cd8000-7fe989cf0000 r-xp 00000000 08:02 23734884                   /usr/lib/libpthread-2.24.so
7fe989cf0000-7fe989eef000 ---p 00018000 08:02 23734884                   /usr/lib/libpthread-2.24.so
7fe989eef000-7fe989ef0000 r--p 00017000 08:02 23734884                   /usr/lib/libpthread-2.24.so
7fe989ef0000-7fe989ef1000 rw-p 00018000 08:02 23734884                   /usr/lib/libpthread-2.24.so
7fe989ef1000-7fe989ef5000 rw-p 00000000 00:00 0 
7fe989ef5000-7fe989f18000 r-xp 00000000 08:02 23734908                   /usr/lib/ld-2.24.so
7fe989fd6000-7fe989fd9000 ---p 00000000 00:00 0 
7fe989fd9000-7fe98a0d9000 rw-p 00000000 00:00 0 
7fe98a10b000-7fe98a113000 rw-s 00000000 00:25 367557                     /tmp/hsperfdata_jing/5421
7fe98a113000-7fe98a114000 rw-p 00000000 00:00 0 
7fe98a114000-7fe98a115000 r--p 00000000 00:00 0 
7fe98a115000-7fe98a117000 rw-p 00000000 00:00 0 
7fe98a117000-7fe98a118000 r--p 00022000 08:02 23734908                   /usr/lib/ld-2.24.so
7fe98a118000-7fe98a119000 rw-p 00023000 08:02 23734908                   /usr/lib/ld-2.24.so
7fe98a119000-7fe98a11a000 rw-p 00000000 00:00 0 
7ffeb994a000-7ffeb996b000 rw-p 00000000 00:00 0                          [stack]
7ffeb99bb000-7ffeb99bd000 r--p 00000000 00:00 0                          [vvar]
7ffeb99bd000-7ffeb99bf000 r-xp 00000000 00:00 0                          [vdso]
ffffffffff600000-ffffffffff601000 r-xp 00000000 00:00 0                  [vsyscall]

VM Arguments:
jvm_args: -ea -Dfile.encoding=UTF-8 
java_command: org.eclipse.jdt.internal.junit.runner.RemoteTestRunner -version 3 -port 38821 -testLoaderClass org.eclipse.jdt.internal.junit4.runner.JUnit4TestLoader -loaderpluginname org.eclipse.jdt.junit4.runtime -classNames roms.SystemTest
java_class_path (initial): /home/jing/workspace/roms/bin:/home/jing/workspace/roms/lib/junit.jar:/home/jing/workspace/roms/lib/org.hamcrest.core_1.3.0.v201303031735.jar:/home/jing/.eclipse/org.eclipse.platform_4.6.1_155965261_linux_gtk_x86_64/configuration/org.eclipse.osgi/635/0/.cp/:/home/jing/.eclipse/org.eclipse.platform_4.6.1_155965261_linux_gtk_x86_64/configuration/org.eclipse.osgi/634/0/.cp/
Launcher Type: SUN_STANDARD

Environment Variables:
PATH=/usr/local/sbin:/usr/local/bin:/usr/bin:/opt/adobe-air-sdk/bin:/opt/android-sdk/platform-tools:/opt/android-sdk/tools:/usr/lib/jvm/default/bin:/usr/bin/site_perl:/usr/bin/vendor_perl:/usr/bin/core_perl
SHELL=/usr/bin/zsh
DISPLAY=:0

Signal Handlers:
SIGSEGV: [libjvm.so+0xa5a220], sa_mask[0]=11111111011111111101111111111110, sa_flags=SA_RESTART|SA_SIGINFO
SIGBUS: [libjvm.so+0xa5a220], sa_mask[0]=11111111011111111101111111111110, sa_flags=SA_RESTART|SA_SIGINFO
SIGFPE: [libjvm.so+0x8a5a90], sa_mask[0]=11111111011111111101111111111110, sa_flags=SA_RESTART|SA_SIGINFO
SIGPIPE: [libjvm.so+0x8a5a90], sa_mask[0]=11111111011111111101111111111110, sa_flags=SA_RESTART|SA_SIGINFO
SIGXFSZ: [libjvm.so+0x8a5a90], sa_mask[0]=11111111011111111101111111111110, sa_flags=SA_RESTART|SA_SIGINFO
SIGILL: [libjvm.so+0x8a5a90], sa_mask[0]=11111111011111111101111111111110, sa_flags=SA_RESTART|SA_SIGINFO
SIGUSR1: SIG_DFL, sa_mask[0]=00000000000000000000000000000000, sa_flags=none
SIGUSR2: [libjvm.so+0x8a5940], sa_mask[0]=00100000000000000000000000000000, sa_flags=SA_RESTART|SA_SIGINFO
SIGHUP: SIG_DFL, sa_mask[0]=00000000000000000000000000000000, sa_flags=none
SIGINT: SIG_IGN, sa_mask[0]=00000000000000000000000000000000, sa_flags=none
SIGTERM: SIG_DFL, sa_mask[0]=00000000000000000000000000000000, sa_flags=none
SIGQUIT: SIG_DFL, sa_mask[0]=00000000000000000000000000000000, sa_flags=none


---------------  S Y S T E M  ---------------

OS:NAME="Arch Linux"
ID=arch
PRETTY_NAME="Arch Linux"
ANSI_COLOR="0;36"
HOME_URL="https://www.archlinux.org/"
SUPPORT_URL="https://bbs.archlinux.org/"
BUG_REPORT_URL="https://bugs.archlinux.org/"


uname:Linux 4.8.7-1-ARCH #1 SMP PREEMPT Thu Nov 10 17:22:48 CET 2016 x86_64
libc:glibc 2.24 NPTL 2.24 
rlimit: STACK 8192k, CORE infinity, NPROC 30217, NOFILE 4096, AS infinity
load average:0.50 0.35 0.31

/proc/meminfo:
MemTotal:        8068300 kB
MemFree:          120760 kB
MemAvailable:      24504 kB
Buffers:            2156 kB
Cached:          1180356 kB
SwapCached:            0 kB
Active:          6584632 kB
Inactive:        1088468 kB
Active(anon):    6555824 kB
Inactive(anon):  1069076 kB
Active(file):      28808 kB
Inactive(file):    19392 kB
Unevictable:           0 kB
Mlocked:               0 kB
SwapTotal:             0 kB
SwapFree:              0 kB
Dirty:                16 kB
Writeback:             0 kB
AnonPages:       6490884 kB
Mapped:           995420 kB
Shmem:           1134128 kB
Slab:              76576 kB
SReclaimable:      29048 kB
SUnreclaim:        47528 kB
KernelStack:       14736 kB
PageTables:        89020 kB
NFS_Unstable:          0 kB
Bounce:                0 kB
WritebackTmp:          0 kB
CommitLimit:     4034148 kB
Committed_AS:   16054712 kB
VmallocTotal:   34359738367 kB
VmallocUsed:           0 kB
VmallocChunk:          0 kB
HardwareCorrupted:     0 kB
AnonHugePages:   1818624 kB
ShmemHugePages:        0 kB
ShmemPmdMapped:        0 kB
HugePages_Total:       0
HugePages_Free:        0
HugePages_Rsvd:        0
HugePages_Surp:        0
Hugepagesize:       2048 kB
DirectMap4k:      212060 kB
DirectMap2M:     8065024 kB
DirectMap1G:     1048576 kB


CPU:total 4 (2 cores per cpu, 2 threads per core) family 6 model 61 stepping 4, cmov, cx8, fxsr, mmx, sse, sse2, sse3, ssse3, sse4.1, sse4.2, popcnt, avx, avx2, aes, clmul, erms, rtm, 3dnowpref, lzcnt, ht, tsc, tscinvbit, bmi1, bmi2, adx

/proc/cpuinfo:
processor	: 0
vendor_id	: GenuineIntel
cpu family	: 6
model		: 61
model name	: Intel(R) Core(TM) i7-5600U CPU @ 2.60GHz
stepping	: 4
microcode	: 0x16
cpu MHz		: 2899.926
cache size	: 4096 KB
physical id	: 0
siblings	: 4
core id		: 0
cpu cores	: 2
apicid		: 0
initial apicid	: 0
fpu		: yes
fpu_exception	: yes
cpuid level	: 20
wp		: yes
flags		: fpu vme de pse tsc msr pae mce cx8 apic sep mtrr pge mca cmov pat pse36 clflush dts acpi mmx fxsr sse sse2 ss ht tm pbe syscall nx pdpe1gb rdtscp lm constant_tsc arch_perfmon pebs bts rep_good nopl xtopology nonstop_tsc aperfmperf eagerfpu pni pclmulqdq dtes64 monitor ds_cpl vmx smx est tm2 ssse3 sdbg fma cx16 xtpr pdcm pcid sse4_1 sse4_2 x2apic movbe popcnt tsc_deadline_timer aes xsave avx f16c rdrand lahf_lm abm 3dnowprefetch epb intel_pt tpr_shadow vnmi flexpriority ept vpid fsgsbase tsc_adjust bmi1 hle avx2 smep bmi2 erms invpcid rtm rdseed adx smap xsaveopt dtherm ida arat pln pts
bugs		:
bogomips	: 5190.22
clflush size	: 64
cache_alignment	: 64
address sizes	: 39 bits physical, 48 bits virtual
power management:

processor	: 1
vendor_id	: GenuineIntel
cpu family	: 6
model		: 61
model name	: Intel(R) Core(TM) i7-5600U CPU @ 2.60GHz
stepping	: 4
microcode	: 0x16
cpu MHz		: 2899.926
cache size	: 4096 KB
physical id	: 0
siblings	: 4
core id		: 1
cpu cores	: 2
apicid		: 2
initial apicid	: 2
fpu		: yes
fpu_exception	: yes
cpuid level	: 20
wp		: yes
flags		: fpu vme de pse tsc msr pae mce cx8 apic sep mtrr pge mca cmov pat pse36 clflush dts acpi mmx fxsr sse sse2 ss ht tm pbe syscall nx pdpe1gb rdtscp lm constant_tsc arch_perfmon pebs bts rep_good nopl xtopology nonstop_tsc aperfmperf eagerfpu pni pclmulqdq dtes64 monitor ds_cpl vmx smx est tm2 ssse3 sdbg fma cx16 xtpr pdcm pcid sse4_1 sse4_2 x2apic movbe popcnt tsc_deadline_timer aes xsave avx f16c rdrand lahf_lm abm 3dnowprefetch epb intel_pt tpr_shadow vnmi flexpriority ept vpid fsgsbase tsc_adjust bmi1 hle avx2 smep bmi2 erms invpcid rtm rdseed adx smap xsaveopt dtherm ida arat pln pts
bugs		:
bogomips	: 5191.25
clflush size	: 64
cache_alignment	: 64
address sizes	: 39 bits physical, 48 bits virtual
power management:

processor	: 2
vendor_id	: GenuineIntel
cpu family	: 6
model		: 61
model name	: Intel(R) Core(TM) i7-5600U CPU @ 2.60GHz
stepping	: 4
microcode	: 0x16
cpu MHz		: 2899.926
cache size	: 4096 KB
physical id	: 0
siblings	: 4
core id		: 0
cpu cores	: 2
apicid		: 1
initial apicid	: 1
fpu		: yes
fpu_exception	: yes
cpuid level	: 20
wp		: yes
flags		: fpu vme de pse tsc msr pae mce cx8 apic sep mtrr pge mca cmov pat pse36 clflush dts acpi mmx fxsr sse sse2 ss ht tm pbe syscall nx pdpe1gb rdtscp lm constant_tsc arch_perfmon pebs bts rep_good nopl xtopology nonstop_tsc aperfmperf eagerfpu pni pclmulqdq dtes64 monitor ds_cpl vmx smx est tm2 ssse3 sdbg fma cx16 xtpr pdcm pcid sse4_1 sse4_2 x2apic movbe popcnt tsc_deadline_timer aes xsave avx f16c rdrand lahf_lm abm 3dnowprefetch epb intel_pt tpr_shadow vnmi flexpriority ept vpid fsgsbase tsc_adjust bmi1 hle avx2 smep bmi2 erms invpcid rtm rdseed adx smap xsaveopt dtherm ida arat pln pts
bugs		:
bogomips	: 5191.84
clflush size	: 64
cache_alignment	: 64
address sizes	: 39 bits physical, 48 bits virtual
power management:

processor	: 3
vendor_id	: GenuineIntel
cpu family	: 6
model		: 61
model name	: Intel(R) Core(TM) i7-5600U CPU @ 2.60GHz
stepping	: 4
microcode	: 0x16
cpu MHz		: 2899.926
cache size	: 4096 KB
physical id	: 0
siblings	: 4
core id		: 1
cpu cores	: 2
apicid		: 3
initial apicid	: 3
fpu		: yes
fpu_exception	: yes
cpuid level	: 20
wp		: yes
flags		: fpu vme de pse tsc msr pae mce cx8 apic sep mtrr pge mca cmov pat pse36 clflush dts acpi mmx fxsr sse sse2 ss ht tm pbe syscall nx pdpe1gb rdtscp lm constant_tsc arch_perfmon pebs bts rep_good nopl xtopology nonstop_tsc aperfmperf eagerfpu pni pclmulqdq dtes64 monitor ds_cpl vmx smx est tm2 ssse3 sdbg fma cx16 xtpr pdcm pcid sse4_1 sse4_2 x2apic movbe popcnt tsc_deadline_timer aes xsave avx f16c rdrand lahf_lm abm 3dnowprefetch epb intel_pt tpr_shadow vnmi flexpriority ept vpid fsgsbase tsc_adjust bmi1 hle avx2 smep bmi2 erms invpcid rtm rdseed adx smap xsaveopt dtherm ida arat pln pts
bugs		:
bogomips	: 5191.34
clflush size	: 64
cache_alignment	: 64
address sizes	: 39 bits physical, 48 bits virtual
power management:



Memory: 4k page, physical 8068300k(120760k free), swap 0k(0k free)

vm_info: OpenJDK 64-Bit Server VM (25.92-b14) for linux-amd64 JRE (1.8.0_92-b14), built on Apr 25 2016 07:11:57 by "builduser" with gcc 5.3.0

time: Sun Nov 27 15:18:19 2016
elapsed time: 0 seconds (0d 0h 0m 0s)

